This file contains any messages produced by compilers while
running configure, to aid debugging if configure makes a mistake.

It was created by configure, which was
generated by GNU Autoconf 2.72.  Invocation command line was

  $ ./configure

## --------- ##
## Platform. ##
## --------- ##

hostname = rinux
uname -m = x86_64
uname -r = 6.11.6-arch1-1
uname -s = Linux
uname -v = #1 SMP PREEMPT_DYNAMIC Fri, 01 Nov 2024 03:30:41 +0000

/usr/bin/uname -p = unknown
/bin/uname -X     = unknown

/bin/arch              = unknown
/usr/bin/arch -k       = unknown
/usr/convex/getsysinfo = unknown
/usr/bin/hostinfo      = unknown
/bin/machine           = unknown
/usr/bin/oslevel       = unknown
/bin/universe          = unknown

PATH: /home/rry/Desktop/soft/java/zulu21.38.21-ca-jdk21.0.5-linux_x64/bin/
PATH: /usr/local/sbin/
PATH: /usr/local/bin/
PATH: /usr/bin/
PATH: /usr/lib/jvm/default/bin/
PATH: /usr/bin/site_perl/
PATH: /usr/bin/vendor_perl/
PATH: /usr/bin/core_perl/


## ----------- ##
## Core tests. ##
## ----------- ##

configure:2501: looking for aux files: config.guess config.sub
configure:2514:  trying ./build/
configure:2543:   ./build/config.guess found
configure:2543:   ./build/config.sub found
configure:2661: checking for grep that handles long lines and -e
configure:2727: result: /usr/bin/grep
configure:2732: checking for egrep
configure:2802: result: /usr/bin/grep -E
configure:2809: checking for a sed that does not truncate output
configure:2881: result: /usr/bin/sed
configure:3026: checking for pkg-config
configure:3049: found /usr/bin/pkg-config
configure:3062: result: /usr/bin/pkg-config
configure:3087: checking pkg-config is at least version 0.9.0
configure:3090: result: yes
configure:3167: checking for cc
configure:3188: found /usr/bin/cc
configure:3200: result: cc
configure:3231: checking for C compiler version
configure:3240: cc --version >&5
cc (GCC) 14.2.1 20240910
Copyright (C) 2024 Free Software Foundation, Inc.
This is free software; see the source for copying conditions.  There is NO
warranty; not even for MERCHANTABILITY or FITNESS FOR A PARTICULAR PURPOSE.

configure:3251: $? = 0
configure:3240: cc -v >&5
Using built-in specs.
COLLECT_GCC=cc
COLLECT_LTO_WRAPPER=/usr/lib/gcc/x86_64-pc-linux-gnu/14.2.1/lto-wrapper
Target: x86_64-pc-linux-gnu
Configured with: /build/gcc/src/gcc/configure --enable-languages=ada,c,c++,d,fortran,go,lto,m2,objc,obj-c++,rust --enable-bootstrap --prefix=/usr --libdir=/usr/lib --libexecdir=/usr/lib --mandir=/usr/share/man --infodir=/usr/share/info --with-bugurl=https://gitlab.archlinux.org/archlinux/packaging/packages/gcc/-/issues --with-build-config=bootstrap-lto --with-linker-hash-style=gnu --with-system-zlib --enable-__cxa_atexit --enable-cet=auto --enable-checking=release --enable-clocale=gnu --enable-default-pie --enable-default-ssp --enable-gnu-indirect-function --enable-gnu-unique-object --enable-libstdcxx-backtrace --enable-link-serialization=1 --enable-linker-build-id --enable-lto --enable-multilib --enable-plugin --enable-shared --enable-threads=posix --disable-libssp --disable-libstdcxx-pch --disable-werror
Thread model: posix
Supported LTO compression algorithms: zlib zstd
gcc version 14.2.1 20240910 (GCC) 
configure:3251: $? = 0
configure:3240: cc -V >&5
cc: error: unrecognized command-line option '-V'
cc: fatal error: no input files
compilation terminated.
configure:3251: $? = 1
configure:3240: cc -qversion >&5
cc: error: unrecognized command-line option '-qversion'; did you mean '--version'?
cc: fatal error: no input files
compilation terminated.
configure:3251: $? = 1
configure:3240: cc -version >&5
cc: error: unrecognized command-line option '-version'
cc: fatal error: no input files
compilation terminated.
configure:3251: $? = 1
configure:3271: checking whether the C compiler works
configure:3293: cc    conftest.c  >&5
configure:3297: $? = 0
configure:3348: result: yes
configure:3352: checking for C compiler default output file name
configure:3354: result: a.out
configure:3360: checking for suffix of executables
configure:3367: cc -o conftest    conftest.c  >&5
configure:3371: $? = 0
configure:3395: result: 
configure:3419: checking whether we are cross compiling
configure:3427: cc -o conftest    conftest.c  >&5
configure:3431: $? = 0
configure:3438: ./conftest
configure:3442: $? = 0
configure:3457: result: no
configure:3463: checking for suffix of object files
configure:3486: cc -c   conftest.c >&5
configure:3490: $? = 0
configure:3514: result: o
configure:3518: checking whether the compiler supports GNU C
configure:3538: cc -c   conftest.c >&5
configure:3538: $? = 0
configure:3550: result: yes
configure:3561: checking whether cc accepts -g
configure:3582: cc -c -g  conftest.c >&5
configure:3582: $? = 0
configure:3629: result: yes
configure:3649: checking for cc option to enable C11 features
configure:3664: cc  -c -g -O2  conftest.c >&5
configure:3664: $? = 0
configure:3683: result: none needed
configure:3807: checking how to run the C preprocessor
configure:3833: cc -E  conftest.c
configure:3833: $? = 0
configure:3849: cc -E  conftest.c
conftest.c:9:10: fatal error: ac_nonexistent.h: No such file or directory
    9 | #include <ac_nonexistent.h>
      |          ^~~~~~~~~~~~~~~~~~
compilation terminated.
configure:3849: $? = 1
configure: failed program was:
| /* confdefs.h */
| #define PACKAGE_NAME ""
| #define PACKAGE_TARNAME ""
| #define PACKAGE_VERSION ""
| #define PACKAGE_STRING ""
| #define PACKAGE_BUGREPORT ""
| #define PACKAGE_URL ""
| /* end confdefs.h.  */
| #include <ac_nonexistent.h>
configure:3878: result: cc -E
configure:3892: cc -E  conftest.c
configure:3892: $? = 0
configure:3908: cc -E  conftest.c
conftest.c:9:10: fatal error: ac_nonexistent.h: No such file or directory
    9 | #include <ac_nonexistent.h>
      |          ^~~~~~~~~~~~~~~~~~
compilation terminated.
configure:3908: $? = 1
configure: failed program was:
| /* confdefs.h */
| #define PACKAGE_NAME ""
| #define PACKAGE_TARNAME ""
| #define PACKAGE_VERSION ""
| #define PACKAGE_STRING ""
| #define PACKAGE_BUGREPORT ""
| #define PACKAGE_URL ""
| /* end confdefs.h.  */
| #include <ac_nonexistent.h>
configure:3941: checking for egrep -e
configure:4071: result: /usr/bin/grep -E
configure:4077: checking for icc
configure:4087: result: no
configure:4102: checking for suncc
configure:4112: result: no
configure:4131: checking for system library directory
configure:4148: result: lib
configure:4155: checking if compiler supports -Wl,-rpath,
configure:4175: cc -o conftest -g -O2   conftest.c -Wl,-rpath,/usr/lib  >&5
configure:4175: $? = 0
configure:4188: result: yes
configure:4245: checking build system type
configure:4261: result: x86_64-pc-linux-gnu
configure:4281: checking host system type
configure:4296: result: x86_64-pc-linux-gnu
configure:4316: checking target system type
configure:4331: result: x86_64-pc-linux-gnu
configure:4436: checking for PHP prefix
configure:4438: result: /usr
configure:4440: checking for PHP includes
configure:4442: result: -I/usr/include/php -I/usr/include/php/main -I/usr/include/php/TSRM -I/usr/include/php/Zend -I/usr/include/php/ext -I/usr/include/php/ext/date/lib
configure:4444: checking for PHP extension directory
configure:4446: result: /usr/lib/php/modules
configure:4448: checking for PHP installed headers prefix
configure:4450: result: /usr/include/php
configure:4453: checking if debug is enabled
configure:4481: result: no
configure:4484: checking if zts is enabled
configure:4512: result: no
configure:4581: checking for gawk
configure:4603: found /usr/bin/gawk
configure:4615: result: gawk
configure:4659: checking whether to enable pcntl support
configure:4700: result: yes, shared
configure:4710: checking for fork
configure:4710: cc -o conftest -g -O2   conftest.c  >&5
conftest.c:25:6: warning: conflicting types for built-in function 'fork'; expected 'int(void)' [-Wbuiltin-declaration-mismatch]
   25 | char fork (void);
      |      ^~~~
configure:4710: $? = 0
configure:4710: result: yes
configure:4726: checking for waitpid
configure:4726: cc -o conftest -g -O2   conftest.c  >&5
configure:4726: $? = 0
configure:4726: result: yes
configure:4742: checking for sigaction
configure:4742: cc -o conftest -g -O2   conftest.c  >&5
configure:4742: $? = 0
configure:4742: result: yes
configure:4755: checking for getpriority
configure:4755: cc -o conftest -g -O2   conftest.c  >&5
configure:4755: $? = 0
configure:4755: result: yes
configure:4761: checking for setpriority
configure:4761: cc -o conftest -g -O2   conftest.c  >&5
configure:4761: $? = 0
configure:4761: result: yes
configure:4767: checking for wait3
configure:4767: cc -o conftest -g -O2   conftest.c  >&5
configure:4767: $? = 0
configure:4767: result: yes
configure:4773: checking for wait4
configure:4773: cc -o conftest -g -O2   conftest.c  >&5
configure:4773: $? = 0
configure:4773: result: yes
configure:4779: checking for sigprocmask
configure:4779: cc -o conftest -g -O2   conftest.c  >&5
configure:4779: $? = 0
configure:4779: result: yes
configure:4785: checking for sigwaitinfo
configure:4785: cc -o conftest -g -O2   conftest.c  >&5
configure:4785: $? = 0
configure:4785: result: yes
configure:4791: checking for sigtimedwait
configure:4791: cc -o conftest -g -O2   conftest.c  >&5
configure:4791: $? = 0
configure:4791: result: yes
configure:4799: checking for siginfo_t
configure:4819: cc -c -g -O2  conftest.c >&5
configure:4819: $? = 0
configure:4822: result: yes
configure:5180: checking for a sed that does not truncate output
configure:5236: result: /usr/bin/sed
configure:5252: checking for ld used by cc
configure:5321: result: /usr/bin/ld
configure:5328: checking if the linker (/usr/bin/ld) is GNU ld
configure:5345: result: yes
configure:5350: checking for /usr/bin/ld option to reload object files
configure:5359: result: -r
configure:5377: checking for BSD-compatible nm
configure:5428: result: /usr/bin/nm -B
configure:5432: checking whether ln -s works
configure:5436: result: yes
configure:5443: checking how to recognize dependent libraries
configure:5631: result: pass_all
configure:5716: cc -c -g -O2  conftest.c >&5
configure:5719: $? = 0
configure:5856: checking for stdio.h
configure:5856: cc -c -g -O2  conftest.c >&5
configure:5856: $? = 0
configure:5856: result: yes
configure:5856: checking for stdlib.h
configure:5856: cc -c -g -O2  conftest.c >&5
configure:5856: $? = 0
configure:5856: result: yes
configure:5856: checking for string.h
configure:5856: cc -c -g -O2  conftest.c >&5
configure:5856: $? = 0
configure:5856: result: yes
configure:5856: checking for inttypes.h
configure:5856: cc -c -g -O2  conftest.c >&5
configure:5856: $? = 0
configure:5856: result: yes
configure:5856: checking for stdint.h
configure:5856: cc -c -g -O2  conftest.c >&5
configure:5856: $? = 0
configure:5856: result: yes
configure:5856: checking for strings.h
configure:5856: cc -c -g -O2  conftest.c >&5
configure:5856: $? = 0
configure:5856: result: yes
configure:5856: checking for sys/stat.h
configure:5856: cc -c -g -O2  conftest.c >&5
configure:5856: $? = 0
configure:5856: result: yes
configure:5856: checking for sys/types.h
configure:5856: cc -c -g -O2  conftest.c >&5
configure:5856: $? = 0
configure:5856: result: yes
configure:5856: checking for unistd.h
configure:5856: cc -c -g -O2  conftest.c >&5
configure:5856: $? = 0
configure:5856: result: yes
configure:5881: checking for dlfcn.h
configure:5881: cc -c -g -O2  conftest.c >&5
configure:5881: $? = 0
configure:5881: result: yes
configure:5900: checking the maximum length of command line arguments
configure:6014: result: 1572864
configure:6026: checking command to parse /usr/bin/nm -B output from cc object
configure:6132: cc -c -g -O2  conftest.c >&5
configure:6135: $? = 0
configure:6139: /usr/bin/nm -B conftest.o \| sed -n -e 's/^.*[ 	]\([ABCDGIRSTW][ABCDGIRSTW]*\)[ 	][ 	]*\([_A-Za-z][_A-Za-z0-9]*\)$/\1 \2 \2/p' \> conftest.nm
configure:6142: $? = 0
configure:6194: cc -o conftest -g -O2   conftest.c conftstm.o >&5
configure:6197: $? = 0
configure:6236: result: ok
configure:6240: checking for objdir
configure:6257: result: .libs
configure:6355: checking for ar
configure:6376: found /usr/bin/ar
configure:6388: result: ar
configure:6459: checking for ranlib
configure:6480: found /usr/bin/ranlib
configure:6492: result: ranlib
configure:6563: checking for strip
configure:6584: found /usr/bin/strip
configure:6596: result: strip
configure:7199: checking if cc supports -fno-rtti -fno-exceptions
configure:7218: cc -c -g -O2  -fno-rtti -fno-exceptions conftest.c >&5
cc1: warning: command-line option '-fno-rtti' is valid for C++/D/ObjC++ but not for C
configure:7222: $? = 0
configure:7236: result: no
configure:7251: checking for cc option to produce PIC
configure:7491: result: -fPIC
configure:7499: checking if cc PIC flag -fPIC works
configure:7518: cc -c -g -O2  -fPIC -DPIC conftest.c >&5
configure:7522: $? = 0
configure:7536: result: yes
configure:7564: checking if cc static flag -static works
configure:7594: result: yes
configure:7604: checking if cc supports -c -o file.o
configure:7626: cc -c -g -O2  -o out/conftest2.o conftest.c >&5
configure:7630: $? = 0
configure:7653: result: yes
configure:7679: checking whether the cc linker (/usr/bin/ld -m elf_x86_64) supports shared libraries
configure:8607: result: yes
configure:8628: checking whether -lc should be explicitly linked in
configure:8633: cc -c -g -O2  conftest.c >&5
configure:8636: $? = 0
configure:8651: cc -shared conftest.o  -v -Wl,-soname -Wl,conftest -o conftest 2\>\&1 \| grep  -lc  \>/dev/null 2\>\&1
configure:8654: $? = 0
configure:8666: result: no
configure:8674: checking dynamic linker characteristics
configure:9283: result: GNU/Linux ld.so
configure:9311: checking how to hardcode library paths into programs
configure:9336: result: immediate
configure:9350: checking whether stripping libraries is possible
configure:9355: result: yes
configure:9918: checking if libtool supports shared libraries
configure:9920: result: yes
configure:9923: checking whether to build shared libraries
configure:9944: result: yes
configure:9947: checking whether to build static libraries
configure:9951: result: no
configure:10045: result:
creating libtool
configure:13822: patching config.h.in
configure:13833: creating ./config.status

## ---------------------- ##
## Running config.status. ##
## ---------------------- ##

This file was extended by config.status, which was
generated by GNU Autoconf 2.72.  Invocation command line was

  CONFIG_FILES    = 
  CONFIG_HEADERS  = 
  CONFIG_LINKS    = 
  CONFIG_COMMANDS = 
  $ ./config.status 

on rinux

config.status:685: creating config.h

## ---------------- ##
## Cache variables. ##
## ---------------- ##

ac_cv_build=x86_64-pc-linux-gnu
ac_cv_c_compiler_gnu=yes
ac_cv_env_CC_set=
ac_cv_env_CC_value=
ac_cv_env_CFLAGS_set=
ac_cv_env_CFLAGS_value=
ac_cv_env_CPPFLAGS_set=
ac_cv_env_CPPFLAGS_value=
ac_cv_env_CPP_set=
ac_cv_env_CPP_value=
ac_cv_env_LDFLAGS_set=
ac_cv_env_LDFLAGS_value=
ac_cv_env_LIBS_set=
ac_cv_env_LIBS_value=
ac_cv_env_PKG_CONFIG_LIBDIR_set=
ac_cv_env_PKG_CONFIG_LIBDIR_value=
ac_cv_env_PKG_CONFIG_PATH_set=
ac_cv_env_PKG_CONFIG_PATH_value=
ac_cv_env_PKG_CONFIG_set=
ac_cv_env_PKG_CONFIG_value=
ac_cv_env_build_alias_set=
ac_cv_env_build_alias_value=
ac_cv_env_host_alias_set=
ac_cv_env_host_alias_value=
ac_cv_env_target_alias_set=
ac_cv_env_target_alias_value=
ac_cv_func_fork=yes
ac_cv_func_getpriority=yes
ac_cv_func_setpriority=yes
ac_cv_func_sigaction=yes
ac_cv_func_sigprocmask=yes
ac_cv_func_sigtimedwait=yes
ac_cv_func_sigwaitinfo=yes
ac_cv_func_wait3=yes
ac_cv_func_wait4=yes
ac_cv_func_waitpid=yes
ac_cv_header_dlfcn_h=yes
ac_cv_header_inttypes_h=yes
ac_cv_header_stdint_h=yes
ac_cv_header_stdio_h=yes
ac_cv_header_stdlib_h=yes
ac_cv_header_string_h=yes
ac_cv_header_strings_h=yes
ac_cv_header_sys_stat_h=yes
ac_cv_header_sys_types_h=yes
ac_cv_header_unistd_h=yes
ac_cv_host=x86_64-pc-linux-gnu
ac_cv_objext=o
ac_cv_path_EGREP='/usr/bin/grep -E'
ac_cv_path_EGREP_TRADITIONAL='/usr/bin/grep -E'
ac_cv_path_GREP=/usr/bin/grep
ac_cv_path_SED=/usr/bin/sed
ac_cv_path_ac_pt_PKG_CONFIG=/usr/bin/pkg-config
ac_cv_prog_AWK=gawk
ac_cv_prog_CPP='cc -E'
ac_cv_prog_ac_ct_AR=ar
ac_cv_prog_ac_ct_CC=cc
ac_cv_prog_ac_ct_RANLIB=ranlib
ac_cv_prog_ac_ct_STRIP=strip
ac_cv_prog_cc_c11=
ac_cv_prog_cc_g=yes
ac_cv_prog_cc_stdc=
ac_cv_target=x86_64-pc-linux-gnu
lt_cv_deplibs_check_method=pass_all
lt_cv_file_magic_cmd='$MAGIC_CMD'
lt_cv_file_magic_test_file=
lt_cv_ld_reload_flag=-r
lt_cv_objdir=.libs
lt_cv_path_LD=/usr/bin/ld
lt_cv_path_NM='/usr/bin/nm -B'
lt_cv_path_SED=/usr/bin/sed
lt_cv_prog_compiler_c_o=yes
lt_cv_prog_compiler_pic_works=yes
lt_cv_prog_compiler_rtti_exceptions=no
lt_cv_prog_compiler_static_works=yes
lt_cv_prog_gnu_ld=yes
lt_cv_sys_global_symbol_pipe='sed -n -e '\''s/^.*[ 	]\([ABCDGIRSTW][ABCDGIRSTW]*\)[ 	][ 	]*\([_A-Za-z][_A-Za-z0-9]*\)$/\1 \2 \2/p'\'''
lt_cv_sys_global_symbol_to_c_name_address='sed -n -e '\''s/^: \([^ ]*\) $/  {\"\1\", (lt_ptr) 0},/p'\'' -e '\''s/^[BCDEGRST] \([^ ]*\) \([^ ]*\)$/  {"\2", (lt_ptr) \&\2},/p'\'''
lt_cv_sys_global_symbol_to_cdecl='sed -n -e '\''s/^. .* \(.*\)$/extern int \1;/p'\'''
lt_cv_sys_lib_dlsearch_path_spec='/lib /usr/lib /usr/lib/libfakeroot '
lt_cv_sys_lib_search_path_spec='/usr/lib/gcc/x86_64-pc-linux-gnu/14.2.1 /usr/lib /lib'
lt_cv_sys_max_cmd_len=1572864
lt_lt_cv_prog_compiler_c_o='"yes"'
lt_lt_cv_sys_global_symbol_pipe='"sed -n -e '\''s/^.*[ 	]\\([ABCDGIRSTW][ABCDGIRSTW]*\\)[ 	][ 	]*\\([_A-Za-z][_A-Za-z0-9]*\\)\$/\\1 \\2 \\2/p'\''"'
lt_lt_cv_sys_global_symbol_to_c_name_address='"sed -n -e '\''s/^: \\([^ ]*\\) \$/  {\\\"\\1\\\", (lt_ptr) 0},/p'\'' -e '\''s/^[BCDEGRST] \\([^ ]*\\) \\([^ ]*\\)\$/  {\"\\2\", (lt_ptr) \\&\\2},/p'\''"'
lt_lt_cv_sys_global_symbol_to_cdecl='"sed -n -e '\''s/^. .* \\(.*\\)\$/extern int \\1;/p'\''"'
php_cv_cc_rpath=yes

## ----------------- ##
## Output variables. ##
## ----------------- ##

AR='ar'
AWK='gawk'
BUILD_CC='cc'
CC='cc'
CFLAGS='-g -O2'
CONFIGURE_COMMAND=' '\''./configure'\'' '
CONFIGURE_OPTIONS=''
CPP='cc -E'
CPPFLAGS=' -DHAVE_CONFIG_H'
DEFS='-DHAVE_CONFIG_H'
DSYMUTIL=''
ECHO='echo'
ECHO_C=''
ECHO_N='-n'
ECHO_T=''
EGREP='/usr/bin/grep -E'
EXEEXT=''
GREP='/usr/bin/grep'
LDFLAGS=''
LIBOBJS=''
LIBS=''
LIBTOOL='$(SHELL) $(top_builddir)/libtool'
LN_S='ln -s'
LTLIBOBJS=''
NMEDIT=''
OBJEXT='o'
PACKAGE_BUGREPORT=''
PACKAGE_NAME=''
PACKAGE_STRING=''
PACKAGE_TARNAME=''
PACKAGE_URL=''
PACKAGE_VERSION=''
PATH_SEPARATOR=':'
PKG_CONFIG='/usr/bin/pkg-config'
PKG_CONFIG_LIBDIR=''
PKG_CONFIG_PATH=''
RANLIB='ranlib'
SED='/usr/bin/sed'
SHELL='/bin/sh'
SHLIB_DL_SUFFIX_NAME='so'
SHLIB_SUFFIX_NAME='so'
STRIP='strip'
ac_ct_CC='cc'
bindir='${exec_prefix}/bin'
build='x86_64-pc-linux-gnu'
build_alias=''
build_cpu='x86_64'
build_os='linux-gnu'
build_vendor='pc'
datadir='${datarootdir}'
datarootdir='${prefix}/share'
docdir='${datarootdir}/doc/${PACKAGE}'
dvidir='${docdir}'
exec_prefix='$(prefix)'
host='x86_64-pc-linux-gnu'
host_alias='x86_64-pc-linux-gnu'
host_cpu='x86_64'
host_os='linux-gnu'
host_vendor='pc'
htmldir='${docdir}'
includedir='${prefix}/include'
infodir='${datarootdir}/info'
libdir='${exec_prefix}/lib'
libexecdir='${exec_prefix}/libexec'
localedir='${datarootdir}/locale'
localstatedir='${prefix}/var'
mandir='${datarootdir}/man'
oldincludedir='/usr/include'
pdfdir='${docdir}'
prefix='/usr'
program_transform_name='s,x,x,'
psdir='${docdir}'
runstatedir='${localstatedir}/run'
sbindir='${exec_prefix}/sbin'
sharedstatedir='${prefix}/com'
sysconfdir='${prefix}/etc'
target='x86_64-pc-linux-gnu'
target_alias=''
target_cpu='x86_64'
target_os='linux-gnu'
target_vendor='pc'

## ----------- ##
## confdefs.h. ##
## ----------- ##

/* confdefs.h */
#define PACKAGE_NAME ""
#define PACKAGE_TARNAME ""
#define PACKAGE_VERSION ""
#define PACKAGE_STRING ""
#define PACKAGE_BUGREPORT ""
#define PACKAGE_URL ""
#define HAVE_FORK 1
#define HAVE_FORK 1
#define HAVE_WAITPID 1
#define HAVE_WAITPID 1
#define HAVE_SIGACTION 1
#define HAVE_SIGACTION 1
#define HAVE_GETPRIORITY 1
#define HAVE_SETPRIORITY 1
#define HAVE_WAIT3 1
#define HAVE_WAIT4 1
#define HAVE_SIGPROCMASK 1
#define HAVE_SIGWAITINFO 1
#define HAVE_SIGTIMEDWAIT 1
#define COMPILE_DL_PCNTL 1
#define HAVE_STDIO_H 1
#define HAVE_STDLIB_H 1
#define HAVE_STRING_H 1
#define HAVE_INTTYPES_H 1
#define HAVE_STDINT_H 1
#define HAVE_STRINGS_H 1
#define HAVE_SYS_STAT_H 1
#define HAVE_SYS_TYPES_H 1
#define HAVE_UNISTD_H 1
#define STDC_HEADERS 1
#define HAVE_DLFCN_H 1

configure: exit 0
